[debug] [2023-03-09T03:52:41.906Z] ----------------------------------------------------------------------
[debug] [2023-03-09T03:52:41.909Z] Command:       /usr/local/bin/node /usr/local/bin/firebase init
[debug] [2023-03-09T03:52:41.909Z] CLI Version:   11.2.0
[debug] [2023-03-09T03:52:41.909Z] Platform:      darwin
[debug] [2023-03-09T03:52:41.909Z] Node Version:  v16.15.1
[debug] [2023-03-09T03:52:41.914Z] Time:          Wed Mar 08 2023 22:52:41 GMT-0500 (Eastern Standard Time)
[debug] [2023-03-09T03:52:41.914Z] ----------------------------------------------------------------------
[debug] 
[debug] [2023-03-09T03:52:41.922Z] > command requires scopes: ["email","openid","https://www.googleapis.com/auth/cloudplatformprojects.readonly","https://www.googleapis.com/auth/firebase","https://www.googleapis.com/auth/cloud-platform"]
[debug] [2023-03-09T03:52:41.923Z] > authorizing via signed-in user (reyaznyc@gmail.com)
[info] 
     ######## #### ########  ######## ########     ###     ######  ########
     ##        ##  ##     ## ##       ##     ##  ##   ##  ##       ##
     ######    ##  ########  ######   ########  #########  ######  ######
     ##        ##  ##    ##  ##       ##     ## ##     ##       ## ##
     ##       #### ##     ## ######## ########  ##     ##  ######  ########

You're about to initialize a Firebase project in this directory:

  /Users/ryan/Desktop/planner/planner-client

[info] 
=== Project Setup
[info] 
[info] First, let's associate this project directory with a Firebase project.
[info] You can create multiple project aliases by running firebase use --add, 
[info] but for now we'll just set up a default project.
[info] 
[debug] [2023-03-09T03:52:49.435Z] > refreshing access token with scopes: []
[debug] [2023-03-09T03:52:49.439Z] >>> [apiv2][query] POST https://www.googleapis.com/oauth2/v3/token [none]
[debug] [2023-03-09T03:52:49.439Z] >>> [apiv2][body] POST https://www.googleapis.com/oauth2/v3/token [omitted]
[debug] [2023-03-09T03:52:49.549Z] <<< [apiv2][status] POST https://www.googleapis.com/oauth2/v3/token 400
[debug] [2023-03-09T03:52:49.549Z] <<< [apiv2][body] POST https://www.googleapis.com/oauth2/v3/token [omitted]
[debug] [2023-03-09T03:52:49.550Z] >>> [apiv2][query] GET https://firebase.googleapis.com/v1beta1/projects pageSize=100
[debug] [2023-03-09T03:52:49.688Z] <<< [apiv2][status] GET https://firebase.googleapis.com/v1beta1/projects 401
[debug] [2023-03-09T03:52:49.688Z] <<< [apiv2][body] GET https://firebase.googleapis.com/v1beta1/projects [omitted]
[debug] [2023-03-09T03:52:49.689Z] HTTP Error: 401, Request had invalid authentication credentials. Expected OAuth 2 access token, login cookie or other valid authentication credential. See https://developers.google.com/identity/sign-in/web/devconsole-project.
[debug] [2023-03-09T03:52:49.743Z] FirebaseError: HTTP Error: 401, Request had invalid authentication credentials. Expected OAuth 2 access token, login cookie or other valid authentication credential. See https://developers.google.com/identity/sign-in/web/devconsole-project.
    at responseToError (/usr/local/lib/node_modules/firebase-tools/lib/responseToError.js:49:12)
    at RetryOperation._fn (/usr/local/lib/node_modules/firebase-tools/lib/apiv2.js:287:77)
    at processTicksAndRejections (node:internal/process/task_queues:96:5)
[error] 
[error] Error: Failed to list Firebase projects. See firebase-debug.log for more info.
